{
  "RSpec": {
    "coverage": {
      "/home/figs/swapshop/app/models/user.rb": {
        "lines": [
          1,
          null,
          null,
          1,
          null,
          null,
          1,
          1,
          null
        ]
      },
      "/home/figs/swapshop/app/models/application_record.rb": {
        "lines": [
          1,
          1,
          null
        ]
      },
      "/home/figs/swapshop/app/helpers/application_helper.rb": {
        "lines": [
          1,
          null
        ]
      },
      "/home/figs/swapshop/app/helpers/comments_helper.rb": {
        "lines": [
          1,
          null
        ]
      },
      "/home/figs/swapshop/app/models/comment_author.rb": {
        "lines": [
          1,
          1,
          1,
          1,
          null
        ]
      },
      "/home/figs/swapshop/app/models/comment.rb": {
        "lines": [
          1,
          1,
          null,
          1,
          null
        ]
      },
      "/home/figs/swapshop/app/models/listing.rb": {
        "lines": [
          1,
          null,
          1,
          null,
          1,
          1,
          1,
          null,
          null,
          1,
          0,
          null,
          null,
          1,
          0,
          0,
          null,
          0,
          null,
          null,
          null
        ]
      },
      "/home/figs/swapshop/app/controllers/listings_controller.rb": {
        "lines": [
          1,
          1,
          4,
          4,
          0,
          null,
          4,
          null,
          null,
          null,
          1,
          3,
          null,
          null,
          1,
          0,
          null,
          null,
          1,
          0,
          0,
          0,
          0,
          null,
          0,
          0,
          null,
          null,
          null,
          null
        ]
      },
      "/home/figs/swapshop/app/controllers/application_controller.rb": {
        "lines": [
          1,
          null
        ]
      }
    },
    "timestamp": 1699930964
  }
}
